2017-06-12T13:00:26-05:00 [FGEServicesDAO] getDesaparecidosByParams: SELECT id,nombre, apat, amat, sexo, edad, origen, rutfoto,mun,estado,DATE_FORMAT(fextrav,'%d-%m-%Y') fextrav FROM desaparecidos WHERE nombre like '%pedro%' AND tipo="INTERNO" AND public=1 AND status=1 order by apat,amat, nombre asc
2017-06-12T13:00:26-05:00 [FGEServicesDAO] getDesaparecidosByParams: SELECT id,nombre, apat, amat, sexo, edad, origen, rutfoto,mun,estado,DATE_FORMAT(fextrav,'%d-%m-%Y') fextrav FROM desaparecidos WHERE nombre like '%pedro%' AND tipo="INTERNO" AND public=1 AND status=1 order by apat,amat, nombre asc
2017-06-12T13:10:59-05:00 [FGEServicesDAO] getDesaparecidosByParams: SELECT id,nombre, apat, amat, sexo, edad, origen, rutfoto,mun,estado,DATE_FORMAT(fextrav,'%d-%m-%Y') fextrav FROM desaparecidos WHERE nombre like '%carlos%' AND tipo="INTERNO" AND public=1 AND status=1 order by apat,amat, nombre asc
2017-06-12T13:10:59-05:00 [FGEServicesDAO] getDesaparecidosByParams: SELECT id,nombre, apat, amat, sexo, edad, origen, rutfoto,mun,estado,DATE_FORMAT(fextrav,'%d-%m-%Y') fextrav FROM desaparecidos WHERE nombre like '%carlos%' AND tipo="INTERNO" AND public=1 AND status=1 order by apat,amat, nombre asc
2017-06-14T12:58:02-05:00 [FGEServicesDAO] getDesaparecidosByParams: SELECT id,nombre, apat, amat, sexo, edad, origen, rutfoto,mun,estado,DATE_FORMAT(fextrav,'%d-%m-%Y') fextrav FROM desaparecidos WHERE nombre like '%pedro%' AND tipo="INTERNO" AND public=1 AND status=1 order by apat,amat, nombre asc
2017-06-14T12:58:02-05:00 [FGEServicesDAO] getDesaparecidosByParams: SELECT id,nombre, apat, amat, sexo, edad, origen, rutfoto,mun,estado,DATE_FORMAT(fextrav,'%d-%m-%Y') fextrav FROM desaparecidos WHERE nombre like '%pedro%' AND tipo="INTERNO" AND public=1 AND status=1 order by apat,amat, nombre asc
2017-06-14T14:02:56-05:00 [FGEServicesDAO] getDesaparecidosByParams: SELECT id,nombre, apat, amat, sexo, edad, origen, rutfoto,mun,estado,DATE_FORMAT(fextrav,'%d-%m-%Y') fextrav FROM desaparecidos WHERE nombre like '%carlos%' AND tipo="INTERNO" AND public=1 AND status=1 order by apat,amat, nombre asc
2017-06-14T14:02:56-05:00 [FGEServicesDAO] getDesaparecidosByParams: SELECT id,nombre, apat, amat, sexo, edad, origen, rutfoto,mun,estado,DATE_FORMAT(fextrav,'%d-%m-%Y') fextrav FROM desaparecidos WHERE nombre like '%carlos%' AND tipo="INTERNO" AND public=1 AND status=1 order by apat,amat, nombre asc
2017-06-14T18:41:45-05:00 [FGEServicesDAO] getDesaparecidosByParams: SELECT id,nombre, apat, amat, sexo, edad, origen, rutfoto,mun,estado,DATE_FORMAT(fextrav,'%d-%m-%Y') fextrav FROM desaparecidos WHERE nombre like '%pedro%' AND tipo="INTERNO" AND public=1 AND status=1 order by apat,amat, nombre asc
2017-06-14T18:41:45-05:00 [FGEServicesDAO] getDesaparecidosByParams: SELECT id,nombre, apat, amat, sexo, edad, origen, rutfoto,mun,estado,DATE_FORMAT(fextrav,'%d-%m-%Y') fextrav FROM desaparecidos WHERE nombre like '%pedro%' AND tipo="INTERNO" AND public=1 AND status=1 order by apat,amat, nombre asc
2017-06-14T19:02:05-05:00 [FGEServicesDAO] getDesaparecidosByParams: SELECT id,nombre, apat, amat, sexo, edad, origen, rutfoto,mun,estado,DATE_FORMAT(fextrav,'%d-%m-%Y') fextrav FROM desaparecidos WHERE nombre like '%pedro%' AND tipo="INTERNO" AND public=1 AND status=1 order by apat,amat, nombre asc
2017-06-14T19:02:05-05:00 [FGEServicesDAO] getDesaparecidosByParams: SELECT id,nombre, apat, amat, sexo, edad, origen, rutfoto,mun,estado,DATE_FORMAT(fextrav,'%d-%m-%Y') fextrav FROM desaparecidos WHERE nombre like '%pedro%' AND tipo="INTERNO" AND public=1 AND status=1 order by apat,amat, nombre asc
2017-06-14T19:02:17-05:00 [FGEServicesDAO] getDesaparecidosByParams: SELECT id,nombre, apat, amat, sexo, edad, origen, rutfoto,mun,estado,DATE_FORMAT(fextrav,'%d-%m-%Y') fextrav FROM desaparecidos WHERE nombre like '%pedro%' AND tipo="INTERNO" AND public=1 AND status=1 order by apat,amat, nombre asc
2017-06-14T19:02:17-05:00 [FGEServicesDAO] getDesaparecidosByParams: SELECT id,nombre, apat, amat, sexo, edad, origen, rutfoto,mun,estado,DATE_FORMAT(fextrav,'%d-%m-%Y') fextrav FROM desaparecidos WHERE nombre like '%pedro%' AND tipo="INTERNO" AND public=1 AND status=1 order by apat,amat, nombre asc
2017-06-14T19:02:19-05:00 [FGEServicesDAO] getDesaparecidoById:  SELECT rutfoto, nombre, apat, amat, sexo, edad, nac, origen,estado,mun, DATE_FORMAT(fextrav,'%d-%m-%Y') fextrav ,est,compl,ojos,piel,cab,tcab,nariz,labios,cejas  FROM desaparecidos WHERE id=6138
2017-06-14T19:02:20-05:00 [FGEServicesDAO] getDesaparecidoById:  SELECT rutfoto, nombre, apat, amat, sexo, edad, nac, origen,estado,mun, DATE_FORMAT(fextrav,'%d-%m-%Y') fextrav ,est,compl,ojos,piel,cab,tcab,nariz,labios,cejas  FROM desaparecidos WHERE id=3282
2017-06-14T19:02:21-05:00 [FGEServicesDAO] getDesaparecidoById:  SELECT rutfoto, nombre, apat, amat, sexo, edad, nac, origen,estado,mun, DATE_FORMAT(fextrav,'%d-%m-%Y') fextrav ,est,compl,ojos,piel,cab,tcab,nariz,labios,cejas  FROM desaparecidos WHERE id=11458
2017-06-14T19:02:21-05:00 [FGEServicesDAO] getDesaparecidoById:  SELECT rutfoto, nombre, apat, amat, sexo, edad, nac, origen,estado,mun, DATE_FORMAT(fextrav,'%d-%m-%Y') fextrav ,est,compl,ojos,piel,cab,tcab,nariz,labios,cejas  FROM desaparecidos WHERE id=8322
2017-06-14T19:02:21-05:00 [FGEServicesDAO] getDesaparecidoById:  SELECT rutfoto, nombre, apat, amat, sexo, edad, nac, origen,estado,mun, DATE_FORMAT(fextrav,'%d-%m-%Y') fextrav ,est,compl,ojos,piel,cab,tcab,nariz,labios,cejas  FROM desaparecidos WHERE id=8322
2017-06-14T19:02:22-05:00 [FGEServicesDAO] getDesaparecidoById:  SELECT rutfoto, nombre, apat, amat, sexo, edad, nac, origen,estado,mun, DATE_FORMAT(fextrav,'%d-%m-%Y') fextrav ,est,compl,ojos,piel,cab,tcab,nariz,labios,cejas  FROM desaparecidos WHERE id=4539
2017-06-14T19:02:22-05:00 [FGEServicesDAO] getDesaparecidoById:  SELECT rutfoto, nombre, apat, amat, sexo, edad, nac, origen,estado,mun, DATE_FORMAT(fextrav,'%d-%m-%Y') fextrav ,est,compl,ojos,piel,cab,tcab,nariz,labios,cejas  FROM desaparecidos WHERE id=4178
2017-06-14T19:02:23-05:00 [FGEServicesDAO] getDesaparecidoById:  SELECT rutfoto, nombre, apat, amat, sexo, edad, nac, origen,estado,mun, DATE_FORMAT(fextrav,'%d-%m-%Y') fextrav ,est,compl,ojos,piel,cab,tcab,nariz,labios,cejas  FROM desaparecidos WHERE id=6723
2017-06-14T19:02:23-05:00 [FGEServicesDAO] getDesaparecidoById:  SELECT rutfoto, nombre, apat, amat, sexo, edad, nac, origen,estado,mun, DATE_FORMAT(fextrav,'%d-%m-%Y') fextrav ,est,compl,ojos,piel,cab,tcab,nariz,labios,cejas  FROM desaparecidos WHERE id=2431
2017-06-14T19:02:24-05:00 [FGEServicesDAO] getDesaparecidoById:  SELECT rutfoto, nombre, apat, amat, sexo, edad, nac, origen,estado,mun, DATE_FORMAT(fextrav,'%d-%m-%Y') fextrav ,est,compl,ojos,piel,cab,tcab,nariz,labios,cejas  FROM desaparecidos WHERE id=2734
2017-06-14T19:02:24-05:00 [FGEServicesDAO] getDesaparecidoById:  SELECT rutfoto, nombre, apat, amat, sexo, edad, nac, origen,estado,mun, DATE_FORMAT(fextrav,'%d-%m-%Y') fextrav ,est,compl,ojos,piel,cab,tcab,nariz,labios,cejas  FROM desaparecidos WHERE id=2734
2017-06-14T19:22:01-05:00 [FGEServicesDAO] getDesaparecidosByParams: SELECT id,nombre, apat, amat, sexo, edad, origen, rutfoto,mun,estado,DATE_FORMAT(fextrav,'%d-%m-%Y') fextrav FROM desaparecidos WHERE nombre like '%pedro%' AND tipo="INTERNO" AND public=1 AND status=1 order by apat,amat, nombre asc
2017-06-14T19:22:01-05:00 [FGEServicesDAO] getDesaparecidosByParams: SELECT id,nombre, apat, amat, sexo, edad, origen, rutfoto,mun,estado,DATE_FORMAT(fextrav,'%d-%m-%Y') fextrav FROM desaparecidos WHERE nombre like '%pedro%' AND tipo="INTERNO" AND public=1 AND status=1 order by apat,amat, nombre asc
2017-06-14T19:22:47-05:00 [FGEServicesDAO] getDesaparecidosByParams: SELECT id,nombre, apat, amat, sexo, edad, origen, rutfoto,mun,estado,DATE_FORMAT(fextrav,'%d-%m-%Y') fextrav FROM desaparecidos WHERE nombre like '%pedro%' AND tipo="INTERNO" AND public=1 AND status=1 order by apat,amat, nombre asc
2017-06-14T19:22:47-05:00 [FGEServicesDAO] getDesaparecidosByParams: SELECT id,nombre, apat, amat, sexo, edad, origen, rutfoto,mun,estado,DATE_FORMAT(fextrav,'%d-%m-%Y') fextrav FROM desaparecidos WHERE nombre like '%pedro%' AND tipo="INTERNO" AND public=1 AND status=1 order by apat,amat, nombre asc
2017-06-14T19:22:52-05:00 [FGEServicesDAO] getDesaparecidosByParams: SELECT id,nombre, apat, amat, sexo, edad, origen, rutfoto,mun,estado,DATE_FORMAT(fextrav,'%d-%m-%Y') fextrav FROM desaparecidos WHERE nombre like '%pedro%' AND tipo="INTERNO" AND public=1 AND status=1 order by apat,amat, nombre asc
2017-06-14T19:22:52-05:00 [FGEServicesDAO] getDesaparecidosByParams: SELECT id,nombre, apat, amat, sexo, edad, origen, rutfoto,mun,estado,DATE_FORMAT(fextrav,'%d-%m-%Y') fextrav FROM desaparecidos WHERE nombre like '%pedro%' AND tipo="INTERNO" AND public=1 AND status=1 order by apat,amat, nombre asc
2017-06-14T19:22:58-05:00 [FGEServicesDAO] getDesaparecidosByParams: SELECT id,nombre, apat, amat, sexo, edad, origen, rutfoto,mun,estado,DATE_FORMAT(fextrav,'%d-%m-%Y') fextrav FROM desaparecidos WHERE nombre like '%pedro%' AND tipo="INTERNO" AND public=1 AND status=1 order by apat,amat, nombre asc
2017-06-14T19:22:58-05:00 [FGEServicesDAO] getDesaparecidosByParams: SELECT id,nombre, apat, amat, sexo, edad, origen, rutfoto,mun,estado,DATE_FORMAT(fextrav,'%d-%m-%Y') fextrav FROM desaparecidos WHERE nombre like '%pedro%' AND tipo="INTERNO" AND public=1 AND status=1 order by apat,amat, nombre asc
2017-06-14T19:23:17-05:00 [FGEServicesDAO] getDesaparecidosByParams: SELECT id,nombre, apat, amat, sexo, edad, origen, rutfoto,mun,estado,DATE_FORMAT(fextrav,'%d-%m-%Y') fextrav FROM desaparecidos WHERE nombre like '%pedro%' AND tipo="INTERNO" AND public=1 AND status=1 order by apat,amat, nombre asc
2017-06-14T19:23:17-05:00 [FGEServicesDAO] getDesaparecidosByParams: SELECT id,nombre, apat, amat, sexo, edad, origen, rutfoto,mun,estado,DATE_FORMAT(fextrav,'%d-%m-%Y') fextrav FROM desaparecidos WHERE nombre like '%pedro%' AND tipo="INTERNO" AND public=1 AND status=1 order by apat,amat, nombre asc
2017-06-14T19:25:36-05:00 [FGEServicesDAO] getDesaparecidosByParams: SELECT id,nombre, apat, amat, sexo, edad, origen, rutfoto,mun,estado,DATE_FORMAT(fextrav,'%d-%m-%Y') fextrav FROM desaparecidos WHERE nombre like '%pedro%' AND tipo="INTERNO" AND public=1 AND status=1 order by apat,amat, nombre asc
2017-06-14T19:25:36-05:00 [FGEServicesDAO] getDesaparecidosByParams: SELECT id,nombre, apat, amat, sexo, edad, origen, rutfoto,mun,estado,DATE_FORMAT(fextrav,'%d-%m-%Y') fextrav FROM desaparecidos WHERE nombre like '%pedro%' AND tipo="INTERNO" AND public=1 AND status=1 order by apat,amat, nombre asc
2017-06-14T19:25:48-05:00 [FGEServicesDAO] getDesaparecidosByParams: SELECT id,nombre, apat, amat, sexo, edad, origen, rutfoto,mun,estado,DATE_FORMAT(fextrav,'%d-%m-%Y') fextrav FROM desaparecidos WHERE sexo like '%F%' AND tipo="INTERNO" AND public=1 AND status=1 order by apat,amat, nombre asc
2017-06-14T19:25:48-05:00 [FGEServicesDAO] getDesaparecidosByParams: SELECT id,nombre, apat, amat, sexo, edad, origen, rutfoto,mun,estado,DATE_FORMAT(fextrav,'%d-%m-%Y') fextrav FROM desaparecidos WHERE sexo like '%F%' AND tipo="INTERNO" AND public=1 AND status=1 order by apat,amat, nombre asc
2017-06-14T19:25:53-05:00 [FGEServicesDAO] getDesaparecidosByParams: SELECT id,nombre, apat, amat, sexo, edad, origen, rutfoto,mun,estado,DATE_FORMAT(fextrav,'%d-%m-%Y') fextrav FROM desaparecidos WHERE nombre like '%petra%' AND sexo like '%F%' AND tipo="INTERNO" AND public=1 AND status=1 order by apat,amat, nombre asc
2017-06-14T19:25:53-05:00 [FGEServicesDAO] getDesaparecidosByParams: SELECT id,nombre, apat, amat, sexo, edad, origen, rutfoto,mun,estado,DATE_FORMAT(fextrav,'%d-%m-%Y') fextrav FROM desaparecidos WHERE nombre like '%petra%' AND sexo like '%F%' AND tipo="INTERNO" AND public=1 AND status=1 order by apat,amat, nombre asc
2017-06-14T19:25:55-05:00 [FGEServicesDAO] getDesaparecidosByParams: SELECT id,nombre, apat, amat, sexo, edad, origen, rutfoto,mun,estado,DATE_FORMAT(fextrav,'%d-%m-%Y') fextrav FROM desaparecidos WHERE nombre like '%juana%' AND sexo like '%F%' AND tipo="INTERNO" AND public=1 AND status=1 order by apat,amat, nombre asc
2017-06-14T19:25:55-05:00 [FGEServicesDAO] getDesaparecidosByParams: SELECT id,nombre, apat, amat, sexo, edad, origen, rutfoto,mun,estado,DATE_FORMAT(fextrav,'%d-%m-%Y') fextrav FROM desaparecidos WHERE nombre like '%juana%' AND sexo like '%F%' AND tipo="INTERNO" AND public=1 AND status=1 order by apat,amat, nombre asc
2017-06-14T19:31:11-05:00 [FGEServicesDAO] getDesaparecidosByParams: SELECT id,nombre, apat, amat, sexo, edad, origen, rutfoto,mun,estado,DATE_FORMAT(fextrav,'%d-%m-%Y') fextrav FROM desaparecidos WHERE nombre like '%pedro%' AND tipo="INTERNO" AND public=1 AND status=1 order by apat,amat, nombre asc
2017-06-14T19:31:11-05:00 [FGEServicesDAO] getDesaparecidosByParams: SELECT id,nombre, apat, amat, sexo, edad, origen, rutfoto,mun,estado,DATE_FORMAT(fextrav,'%d-%m-%Y') fextrav FROM desaparecidos WHERE nombre like '%pedro%' AND tipo="INTERNO" AND public=1 AND status=1 order by apat,amat, nombre asc
2017-06-14T19:31:14-05:00 [FGEServicesDAO] getDesaparecidoById:  SELECT rutfoto, nombre, apat, amat, sexo, edad, nac, origen,estado,mun, DATE_FORMAT(fextrav,'%d-%m-%Y') fextrav ,est,compl,ojos,piel,cab,tcab,nariz,labios,cejas  FROM desaparecidos WHERE id=3282
2017-06-14T19:31:14-05:00 [FGEServicesDAO] getDesaparecidoById:  SELECT rutfoto, nombre, apat, amat, sexo, edad, nac, origen,estado,mun, DATE_FORMAT(fextrav,'%d-%m-%Y') fextrav ,est,compl,ojos,piel,cab,tcab,nariz,labios,cejas  FROM desaparecidos WHERE id=11458
2017-06-14T19:31:15-05:00 [FGEServicesDAO] getDesaparecidoById:  SELECT rutfoto, nombre, apat, amat, sexo, edad, nac, origen,estado,mun, DATE_FORMAT(fextrav,'%d-%m-%Y') fextrav ,est,compl,ojos,piel,cab,tcab,nariz,labios,cejas  FROM desaparecidos WHERE id=5957
2017-06-15T11:02:48-05:00 [FGEServicesDAO] getDesaparecidosByParams: SELECT id,nombre, apat, amat, sexo, edad, origen, rutfoto,mun,estado,DATE_FORMAT(fextrav,'%d-%m-%Y') fextrav FROM desaparecidos WHERE nombre like '%pedro%' AND tipo="INTERNO" AND public=1 AND status=1 order by apat,amat, nombre asc
2017-06-15T11:02:48-05:00 [FGEServicesDAO] getDesaparecidosByParams: SELECT id,nombre, apat, amat, sexo, edad, origen, rutfoto,mun,estado,DATE_FORMAT(fextrav,'%d-%m-%Y') fextrav FROM desaparecidos WHERE nombre like '%pedro%' AND tipo="INTERNO" AND public=1 AND status=1 order by apat,amat, nombre asc
2017-06-15T18:04:52-05:00 [FGEServicesDAO] getDesaparecidosByParams: SELECT id,nombre, apat, amat, sexo, edad, origen, rutfoto,mun,estado,DATE_FORMAT(fextrav,'%d-%m-%Y') fextrav FROM desaparecidos WHERE nombre like '%pedro%' AND tipo="INTERNO" AND public=1 AND status=1 order by apat,amat, nombre asc
2017-06-15T18:04:52-05:00 [FGEServicesDAO] getDesaparecidosByParams: SELECT id,nombre, apat, amat, sexo, edad, origen, rutfoto,mun,estado,DATE_FORMAT(fextrav,'%d-%m-%Y') fextrav FROM desaparecidos WHERE nombre like '%pedro%' AND tipo="INTERNO" AND public=1 AND status=1 order by apat,amat, nombre asc
2017-06-15T18:04:55-05:00 [FGEServicesDAO] getDesaparecidoById:  SELECT rutfoto, nombre, apat, amat, sexo, edad, nac, origen,estado,mun, DATE_FORMAT(fextrav,'%d-%m-%Y') fextrav ,est,compl,ojos,piel,cab,tcab,nariz,labios,cejas  FROM desaparecidos WHERE id=11458
2017-06-15T18:05:13-05:00 [FGEServicesDAO] getDesaparecidoById:  SELECT rutfoto, nombre, apat, amat, sexo, edad, nac, origen,estado,mun, DATE_FORMAT(fextrav,'%d-%m-%Y') fextrav ,est,compl,ojos,piel,cab,tcab,nariz,labios,cejas  FROM desaparecidos WHERE id=6138
2017-06-15T18:05:45-05:00 [FGEServicesDAO] getDesaparecidoById:  SELECT rutfoto, nombre, apat, amat, sexo, edad, nac, origen,estado,mun, DATE_FORMAT(fextrav,'%d-%m-%Y') fextrav ,est,compl,ojos,piel,cab,tcab,nariz,labios,cejas  FROM desaparecidos WHERE id=6138
2017-06-15T18:05:52-05:00 [FGEServicesDAO] getDesaparecidoById:  SELECT rutfoto, nombre, apat, amat, sexo, edad, nac, origen,estado,mun, DATE_FORMAT(fextrav,'%d-%m-%Y') fextrav ,est,compl,ojos,piel,cab,tcab,nariz,labios,cejas  FROM desaparecidos WHERE id=10379
2017-06-15T18:05:59-05:00 [FGEServicesDAO] getDesaparecidoById:  SELECT rutfoto, nombre, apat, amat, sexo, edad, nac, origen,estado,mun, DATE_FORMAT(fextrav,'%d-%m-%Y') fextrav ,est,compl,ojos,piel,cab,tcab,nariz,labios,cejas  FROM desaparecidos WHERE id=5646
2017-06-15T18:06:34-05:00 [FGEServicesDAO] getDesaparecidoById:  SELECT rutfoto, nombre, apat, amat, sexo, edad, nac, origen,estado,mun, DATE_FORMAT(fextrav,'%d-%m-%Y') fextrav ,est,compl,ojos,piel,cab,tcab,nariz,labios,cejas  FROM desaparecidos WHERE id=11458
2017-06-15T18:06:37-05:00 [FGEServicesDAO] getDesaparecidoById:  SELECT rutfoto, nombre, apat, amat, sexo, edad, nac, origen,estado,mun, DATE_FORMAT(fextrav,'%d-%m-%Y') fextrav ,est,compl,ojos,piel,cab,tcab,nariz,labios,cejas  FROM desaparecidos WHERE id=6828
